 
****************************************
Report : area
Design : SIMON_3264
Version: M-2016.12-SP5
Date   : Thu Mar  1 15:16:16 2018
****************************************

Library(s) Used:

    c35_CORELIB_WC (File: /opt/cad/designkits/ams/v410/synopsys/c35_3.3V/c35_CORELIB_WC.db)

Number of ports:                          620
Number of nets:                          3081
Number of cells:                         2471
Number of combinational cells:           1813
Number of sequential cells:               654
Number of macros/black boxes:               0
Number of buf/inv:                        315
Number of references:                       3

Combinational area:             138101.600388
Buf/Inv area:                    12558.000443
Noncombinational area:          218691.193298
Macro/Black Box area:                0.000000
Net Interconnect area:           70083.000000

Total cell area:                356792.793686
Total area:                     426875.793686
1
