Analysis & Synthesis report for SIMON_128192
Wed Feb 28 15:00:55 2018
Quartus Prime Version 16.1.2 Build 203 01/18/2017 SJ Standard Edition


---------------------
; Table of Contents ;
---------------------
  1. Legal Notice
  2. Analysis & Synthesis Summary
  3. Analysis & Synthesis Settings
  4. Parallel Compilation
  5. Analysis & Synthesis Source Files Read
  6. Analysis & Synthesis Resource Usage Summary
  7. Analysis & Synthesis Resource Utilization by Entity
  8. Registers Removed During Synthesis
  9. General Register Statistics
 10. Multiplexer Restructuring Statistics (Restructuring Performed)
 11. Parameter Settings for User Entity Instance: Top-level Entity: |SIMON_128192
 12. Parameter Settings for User Entity Instance: SIMON_keyexpansion:ke
 13. Parameter Settings for User Entity Instance: SIMON_control:control
 14. Parameter Settings for User Entity Instance: SIMON_control:control|SIMON_round:r
 15. Parameter Settings for User Entity Instance: SIMON_control:control|SIMON_round:r|SIMON_function:func
 16. Parameter Settings for Inferred Entity Instance: SIMON_keyexpansion:ke|lpm_divide:Mod0
 17. Port Connectivity Checks: "SIMON_keyexpansion:ke"
 18. Post-Synthesis Netlist Statistics for Top Partition
 19. Elapsed Time Per Partition
 20. Analysis & Synthesis Messages



----------------
; Legal Notice ;
----------------
Copyright (C) 2017  Intel Corporation. All rights reserved.
Your use of Intel Corporation's design tools, logic functions 
and other software and tools, and its AMPP partner logic 
functions, and any output files from any of the foregoing 
(including device programming or simulation files), and any 
associated documentation or information are expressly subject 
to the terms and conditions of the Intel Program License 
Subscription Agreement, the Intel Quartus Prime License Agreement,
the Intel MegaCore Function License Agreement, or other 
applicable license agreement, including, without limitation, 
that your use is for the sole purpose of programming logic 
devices manufactured by Intel and sold by Intel or its 
authorized distributors.  Please refer to the applicable 
agreement for further details.



+-----------------------------------------------------------------------------------+
; Analysis & Synthesis Summary                                                      ;
+---------------------------------+-------------------------------------------------+
; Analysis & Synthesis Status     ; Successful - Wed Feb 28 15:00:54 2018           ;
; Quartus Prime Version           ; 16.1.2 Build 203 01/18/2017 SJ Standard Edition ;
; Revision Name                   ; SIMON_128192                                    ;
; Top-level Entity Name           ; SIMON_128192                                    ;
; Family                          ; Cyclone V                                       ;
; Logic utilization (in ALMs)     ; N/A                                             ;
; Total registers                 ; 4880                                            ;
; Total pins                      ; 458                                             ;
; Total virtual pins              ; 0                                               ;
; Total block memory bits         ; 0                                               ;
; Total DSP Blocks                ; 0                                               ;
; Total HSSI RX PCSs              ; 0                                               ;
; Total HSSI PMA RX Deserializers ; 0                                               ;
; Total HSSI TX PCSs              ; 0                                               ;
; Total HSSI PMA TX Serializers   ; 0                                               ;
; Total PLLs                      ; 0                                               ;
; Total DLLs                      ; 0                                               ;
+---------------------------------+-------------------------------------------------+


+---------------------------------------------------------------------------------------------------------------------------+
; Analysis & Synthesis Settings                                                                                             ;
+---------------------------------------------------------------------------------+--------------------+--------------------+
; Option                                                                          ; Setting            ; Default Value      ;
+---------------------------------------------------------------------------------+--------------------+--------------------+
; Device                                                                          ; 5CSEMA5F31C6       ;                    ;
; Top-level entity name                                                           ; SIMON_128192       ; SIMON_128192       ;
; Family name                                                                     ; Cyclone V          ; Cyclone V          ;
; Use smart compilation                                                           ; Off                ; Off                ;
; Enable parallel Assembler and TimeQuest Timing Analyzer during compilation      ; On                 ; On                 ;
; Enable compact report table                                                     ; Off                ; Off                ;
; Restructure Multiplexers                                                        ; Auto               ; Auto               ;
; MLAB Add Timing Constraints For Mixed-Port Feed-Through Mode Setting Don't Care ; Off                ; Off                ;
; Create Debugging Nodes for IP Cores                                             ; Off                ; Off                ;
; Preserve fewer node names                                                       ; On                 ; On                 ;
; OpenCore Plus hardware evaluation                                               ; Enable             ; Enable             ;
; Verilog Version                                                                 ; Verilog_2001       ; Verilog_2001       ;
; VHDL Version                                                                    ; VHDL_1993          ; VHDL_1993          ;
; State Machine Processing                                                        ; Auto               ; Auto               ;
; Safe State Machine                                                              ; Off                ; Off                ;
; Extract Verilog State Machines                                                  ; On                 ; On                 ;
; Extract VHDL State Machines                                                     ; On                 ; On                 ;
; Ignore Verilog initial constructs                                               ; Off                ; Off                ;
; Iteration limit for constant Verilog loops                                      ; 5000               ; 5000               ;
; Iteration limit for non-constant Verilog loops                                  ; 250                ; 250                ;
; Add Pass-Through Logic to Inferred RAMs                                         ; On                 ; On                 ;
; Infer RAMs from Raw Logic                                                       ; On                 ; On                 ;
; Parallel Synthesis                                                              ; On                 ; On                 ;
; DSP Block Balancing                                                             ; Auto               ; Auto               ;
; NOT Gate Push-Back                                                              ; On                 ; On                 ;
; Power-Up Don't Care                                                             ; On                 ; On                 ;
; Remove Redundant Logic Cells                                                    ; Off                ; Off                ;
; Remove Duplicate Registers                                                      ; On                 ; On                 ;
; Ignore CARRY Buffers                                                            ; Off                ; Off                ;
; Ignore CASCADE Buffers                                                          ; Off                ; Off                ;
; Ignore GLOBAL Buffers                                                           ; Off                ; Off                ;
; Ignore ROW GLOBAL Buffers                                                       ; Off                ; Off                ;
; Ignore LCELL Buffers                                                            ; Off                ; Off                ;
; Ignore SOFT Buffers                                                             ; On                 ; On                 ;
; Limit AHDL Integers to 32 Bits                                                  ; Off                ; Off                ;
; Optimization Technique                                                          ; Balanced           ; Balanced           ;
; Carry Chain Length                                                              ; 70                 ; 70                 ;
; Auto Carry Chains                                                               ; On                 ; On                 ;
; Auto Open-Drain Pins                                                            ; On                 ; On                 ;
; Perform WYSIWYG Primitive Resynthesis                                           ; Off                ; Off                ;
; Auto ROM Replacement                                                            ; On                 ; On                 ;
; Auto RAM Replacement                                                            ; On                 ; On                 ;
; Auto DSP Block Replacement                                                      ; On                 ; On                 ;
; Auto Shift Register Replacement                                                 ; Auto               ; Auto               ;
; Allow Shift Register Merging across Hierarchies                                 ; Auto               ; Auto               ;
; Auto Clock Enable Replacement                                                   ; On                 ; On                 ;
; Strict RAM Replacement                                                          ; Off                ; Off                ;
; Allow Synchronous Control Signals                                               ; On                 ; On                 ;
; Force Use of Synchronous Clear Signals                                          ; Off                ; Off                ;
; Auto Resource Sharing                                                           ; Off                ; Off                ;
; Allow Any RAM Size For Recognition                                              ; Off                ; Off                ;
; Allow Any ROM Size For Recognition                                              ; Off                ; Off                ;
; Allow Any Shift Register Size For Recognition                                   ; Off                ; Off                ;
; Use LogicLock Constraints during Resource Balancing                             ; On                 ; On                 ;
; Ignore translate_off and synthesis_off directives                               ; Off                ; Off                ;
; Timing-Driven Synthesis                                                         ; On                 ; On                 ;
; Report Parameter Settings                                                       ; On                 ; On                 ;
; Report Source Assignments                                                       ; On                 ; On                 ;
; Report Connectivity Checks                                                      ; On                 ; On                 ;
; Ignore Maximum Fan-Out Assignments                                              ; Off                ; Off                ;
; Synchronization Register Chain Length                                           ; 3                  ; 3                  ;
; PowerPlay Power Optimization During Synthesis                                   ; Normal compilation ; Normal compilation ;
; HDL message level                                                               ; Level2             ; Level2             ;
; Suppress Register Optimization Related Messages                                 ; Off                ; Off                ;
; Number of Removed Registers Reported in Synthesis Report                        ; 5000               ; 5000               ;
; Number of Swept Nodes Reported in Synthesis Report                              ; 5000               ; 5000               ;
; Number of Inverted Registers Reported in Synthesis Report                       ; 100                ; 100                ;
; Clock MUX Protection                                                            ; On                 ; On                 ;
; Auto Gated Clock Conversion                                                     ; Off                ; Off                ;
; Block Design Naming                                                             ; Auto               ; Auto               ;
; SDC constraint protection                                                       ; Off                ; Off                ;
; Synthesis Effort                                                                ; Auto               ; Auto               ;
; Shift Register Replacement - Allow Asynchronous Clear Signal                    ; On                 ; On                 ;
; Pre-Mapping Resynthesis Optimization                                            ; Off                ; Off                ;
; Analysis & Synthesis Message Level                                              ; Medium             ; Medium             ;
; Disable Register Merging Across Hierarchies                                     ; Auto               ; Auto               ;
; Resource Aware Inference For Block RAM                                          ; On                 ; On                 ;
; Automatic Parallel Synthesis                                                    ; On                 ; On                 ;
; Partial Reconfiguration Bitstream ID                                            ; Off                ; Off                ;
+---------------------------------------------------------------------------------+--------------------+--------------------+


+------------------------------------------+
; Parallel Compilation                     ;
+----------------------------+-------------+
; Processors                 ; Number      ;
+----------------------------+-------------+
; Number detected on machine ; 8           ;
; Maximum allowed            ; 4           ;
;                            ;             ;
; Average used               ; 1.00        ;
; Maximum used               ; 4           ;
;                            ;             ;
; Usage by Processor         ; % Time Used ;
;     Processor 1            ; 100.0%      ;
;     Processor 2            ;   0.1%      ;
;     Processor 3            ;   0.1%      ;
;     Processor 4            ;   0.1%      ;
+----------------------------+-------------+


+--------------------------------------------------------------------------------------------------------------------------------------------------------------------------------------------+
; Analysis & Synthesis Source Files Read                                                                                                                                                     ;
+------------------------------------+-----------------+------------------------------+--------------------------------------------------------------------------------------------+---------+
; File Name with User-Entered Path   ; Used in Netlist ; File Type                    ; File Name with Absolute Path                                                               ; Library ;
+------------------------------------+-----------------+------------------------------+--------------------------------------------------------------------------------------------+---------+
; ../../Source/SIMON_round.sv        ; yes             ; User SystemVerilog HDL File  ; H:/Part III/COMP3200/SIMON_final/Source/SIMON_round.sv                                     ;         ;
; ../../Source/SIMON_keyexpansion.sv ; yes             ; User SystemVerilog HDL File  ; H:/Part III/COMP3200/SIMON_final/Source/SIMON_keyexpansion.sv                              ;         ;
; ../../Source/SIMON_function.sv     ; yes             ; User SystemVerilog HDL File  ; H:/Part III/COMP3200/SIMON_final/Source/SIMON_function.sv                                  ;         ;
; ../../Source/SIMON_control.sv      ; yes             ; User SystemVerilog HDL File  ; H:/Part III/COMP3200/SIMON_final/Source/SIMON_control.sv                                   ;         ;
; ../../Source/SIMON_128192.sv       ; yes             ; User SystemVerilog HDL File  ; H:/Part III/COMP3200/SIMON_final/Source/SIMON_128192.sv                                    ;         ;
; lpm_divide.tdf                     ; yes             ; Megafunction                 ; c:/apps/altera/16.1/quartus/libraries/megafunctions/lpm_divide.tdf                         ;         ;
; abs_divider.inc                    ; yes             ; Megafunction                 ; c:/apps/altera/16.1/quartus/libraries/megafunctions/abs_divider.inc                        ;         ;
; sign_div_unsign.inc                ; yes             ; Megafunction                 ; c:/apps/altera/16.1/quartus/libraries/megafunctions/sign_div_unsign.inc                    ;         ;
; aglobal161.inc                     ; yes             ; Megafunction                 ; c:/apps/altera/16.1/quartus/libraries/megafunctions/aglobal161.inc                         ;         ;
; db/lpm_divide_92m.tdf              ; yes             ; Auto-Generated Megafunction  ; H:/Part III/COMP3200/SIMON_final/Quartus Synthesis/SIMON_128192/db/lpm_divide_92m.tdf      ;         ;
; db/sign_div_unsign_ckh.tdf         ; yes             ; Auto-Generated Megafunction  ; H:/Part III/COMP3200/SIMON_final/Quartus Synthesis/SIMON_128192/db/sign_div_unsign_ckh.tdf ;         ;
; db/alt_u_div_use.tdf               ; yes             ; Auto-Generated Megafunction  ; H:/Part III/COMP3200/SIMON_final/Quartus Synthesis/SIMON_128192/db/alt_u_div_use.tdf       ;         ;
+------------------------------------+-----------------+------------------------------+--------------------------------------------------------------------------------------------+---------+


+--------------------------------------------------------+
; Analysis & Synthesis Resource Usage Summary            ;
+---------------------------------------------+----------+
; Resource                                    ; Usage    ;
+---------------------------------------------+----------+
; Estimate of Logic utilization (ALMs needed) ; 3660     ;
;                                             ;          ;
; Combinational ALUT usage for logic          ; 3077     ;
;     -- 7 input functions                    ; 67       ;
;     -- 6 input functions                    ; 1510     ;
;     -- 5 input functions                    ; 709      ;
;     -- 4 input functions                    ; 432      ;
;     -- <=3 input functions                  ; 359      ;
;                                             ;          ;
; Dedicated logic registers                   ; 4880     ;
;                                             ;          ;
; I/O pins                                    ; 458      ;
;                                             ;          ;
; Total DSP Blocks                            ; 0        ;
;                                             ;          ;
; Maximum fan-out node                        ; nR~input ;
; Maximum fan-out                             ; 4880     ;
; Total fan-out                               ; 36707    ;
; Average fan-out                             ; 4.14     ;
+---------------------------------------------+----------+


+-------------------------------------------------------------------------------------------------------------------------------------------------------------------------------------------------------------------------------------------------------------------------------------------------------------------------------+
; Analysis & Synthesis Resource Utilization by Entity                                                                                                                                                                                                                                                                           ;
+-------------------------------------------+---------------------+---------------------------+-------------------+------------+------+--------------+-------------------------------------------------------------------------------------------------------------------------------------+---------------------+--------------+
; Compilation Hierarchy Node                ; Combinational ALUTs ; Dedicated Logic Registers ; Block Memory Bits ; DSP Blocks ; Pins ; Virtual Pins ; Full Hierarchy Name                                                                                                                 ; Entity Name         ; Library Name ;
+-------------------------------------------+---------------------+---------------------------+-------------------+------------+------+--------------+-------------------------------------------------------------------------------------------------------------------------------------+---------------------+--------------+
; |SIMON_128192                             ; 3077 (0)            ; 4880 (0)                  ; 0                 ; 0          ; 458  ; 0            ; |SIMON_128192                                                                                                                       ; SIMON_128192        ; work         ;
;    |SIMON_control:control|                ; 2984 (2856)         ; 4880 (4880)               ; 0                 ; 0          ; 0    ; 0            ; |SIMON_128192|SIMON_control:control                                                                                                 ; SIMON_control       ; work         ;
;       |SIMON_round:r|                     ; 128 (128)           ; 0 (0)                     ; 0                 ; 0          ; 0    ; 0            ; |SIMON_128192|SIMON_control:control|SIMON_round:r                                                                                   ; SIMON_round         ; work         ;
;    |SIMON_keyexpansion:ke|                ; 93 (65)             ; 0 (0)                     ; 0                 ; 0          ; 0    ; 0            ; |SIMON_128192|SIMON_keyexpansion:ke                                                                                                 ; SIMON_keyexpansion  ; work         ;
;       |lpm_divide:Mod0|                   ; 28 (0)              ; 0 (0)                     ; 0                 ; 0          ; 0    ; 0            ; |SIMON_128192|SIMON_keyexpansion:ke|lpm_divide:Mod0                                                                                 ; lpm_divide          ; work         ;
;          |lpm_divide_92m:auto_generated|  ; 28 (0)              ; 0 (0)                     ; 0                 ; 0          ; 0    ; 0            ; |SIMON_128192|SIMON_keyexpansion:ke|lpm_divide:Mod0|lpm_divide_92m:auto_generated                                                   ; lpm_divide_92m      ; work         ;
;             |sign_div_unsign_ckh:divider| ; 28 (0)              ; 0 (0)                     ; 0                 ; 0          ; 0    ; 0            ; |SIMON_128192|SIMON_keyexpansion:ke|lpm_divide:Mod0|lpm_divide_92m:auto_generated|sign_div_unsign_ckh:divider                       ; sign_div_unsign_ckh ; work         ;
;                |alt_u_div_use:divider|    ; 28 (28)             ; 0 (0)                     ; 0                 ; 0          ; 0    ; 0            ; |SIMON_128192|SIMON_keyexpansion:ke|lpm_divide:Mod0|lpm_divide_92m:auto_generated|sign_div_unsign_ckh:divider|alt_u_div_use:divider ; alt_u_div_use       ; work         ;
+-------------------------------------------+---------------------+---------------------------+-------------------+------------+------+--------------+-------------------------------------------------------------------------------------------------------------------------------------+---------------------+--------------+
Note: For table entries with two numbers listed, the numbers in parentheses indicate the number of resources of the given type used by the specific entity alone. The numbers listed outside of parentheses indicate the total resources of the given type used by the specific entity and all of its sub-entities in the hierarchy.


+---------------------------------------------------------------------------------+
; Registers Removed During Synthesis                                              ;
+----------------------------------------+----------------------------------------+
; Register name                          ; Reason for Removal                     ;
+----------------------------------------+----------------------------------------+
; SIMON_control:control|current[2..31]   ; Stuck at GND due to stuck port data_in ;
; Total Number of Removed Registers = 30 ;                                        ;
+----------------------------------------+----------------------------------------+


+------------------------------------------------------+
; General Register Statistics                          ;
+----------------------------------------------+-------+
; Statistic                                    ; Value ;
+----------------------------------------------+-------+
; Total registers                              ; 4880  ;
; Number of registers using Synchronous Clear  ; 7     ;
; Number of registers using Synchronous Load   ; 385   ;
; Number of registers using Asynchronous Clear ; 4875  ;
; Number of registers using Asynchronous Load  ; 0     ;
; Number of registers using Clock Enable       ; 4877  ;
; Number of registers using Preset             ; 0     ;
+----------------------------------------------+-------+


+----------------------------------------------------------------------------------------------------------------------------------------------------------------+
; Multiplexer Restructuring Statistics (Restructuring Performed)                                                                                                 ;
+--------------------+-----------+---------------+----------------------+------------------------+------------+--------------------------------------------------+
; Multiplexer Inputs ; Bus Width ; Baseline Area ; Area if Restructured ; Saving if Restructured ; Registered ; Example Multiplexer Output                       ;
+--------------------+-----------+---------------+----------------------+------------------------+------------+--------------------------------------------------+
; 3:1                ; 192 bits  ; 384 LEs       ; 0 LEs                ; 384 LEs                ; Yes        ; |SIMON_128192|SIMON_control:control|pKeys[0][51] ;
; 4:1                ; 128 bits  ; 256 LEs       ; 256 LEs              ; 0 LEs                  ; Yes        ; |SIMON_128192|SIMON_control:control|p[45]        ;
; 138:1              ; 64 bits   ; 5888 LEs      ; 5440 LEs             ; 448 LEs                ; No         ; |SIMON_128192|SIMON_control:control|rKey[11]     ;
+--------------------+-----------+---------------+----------------------+------------------------+------------+--------------------------------------------------+


+------------------------------------------------------------------------------+
; Parameter Settings for User Entity Instance: Top-level Entity: |SIMON_128192 ;
+----------------+-------+-----------------------------------------------------+
; Parameter Name ; Value ; Type                                                ;
+----------------+-------+-----------------------------------------------------+
; N              ; 64    ; Signed Integer                                      ;
; M              ; 3     ; Signed Integer                                      ;
; T              ; 69    ; Signed Integer                                      ;
; Co             ; 7     ; Signed Integer                                      ;
+----------------+-------+-----------------------------------------------------+
Note: In order to hide this table in the UI and the text report file, please set the "Show Parameter Settings in Synthesis Report" option in "Analysis and Synthesis Settings -> More Settings" to "Off".


+--------------------------------------------------------------------+
; Parameter Settings for User Entity Instance: SIMON_keyexpansion:ke ;
+----------------+-------+-------------------------------------------+
; Parameter Name ; Value ; Type                                      ;
+----------------+-------+-------------------------------------------+
; N              ; 64    ; Signed Integer                            ;
; M              ; 3     ; Signed Integer                            ;
; Co             ; 7     ; Signed Integer                            ;
+----------------+-------+-------------------------------------------+
Note: In order to hide this table in the UI and the text report file, please set the "Show Parameter Settings in Synthesis Report" option in "Analysis and Synthesis Settings -> More Settings" to "Off".


+--------------------------------------------------------------------+
; Parameter Settings for User Entity Instance: SIMON_control:control ;
+----------------+-------+-------------------------------------------+
; Parameter Name ; Value ; Type                                      ;
+----------------+-------+-------------------------------------------+
; N              ; 64    ; Signed Integer                            ;
; M              ; 3     ; Signed Integer                            ;
; T              ; 69    ; Signed Integer                            ;
; Co             ; 7     ; Signed Integer                            ;
+----------------+-------+-------------------------------------------+
Note: In order to hide this table in the UI and the text report file, please set the "Show Parameter Settings in Synthesis Report" option in "Analysis and Synthesis Settings -> More Settings" to "Off".


+----------------------------------------------------------------------------------+
; Parameter Settings for User Entity Instance: SIMON_control:control|SIMON_round:r ;
+----------------+-------+---------------------------------------------------------+
; Parameter Name ; Value ; Type                                                    ;
+----------------+-------+---------------------------------------------------------+
; N              ; 64    ; Signed Integer                                          ;
+----------------+-------+---------------------------------------------------------+
Note: In order to hide this table in the UI and the text report file, please set the "Show Parameter Settings in Synthesis Report" option in "Analysis and Synthesis Settings -> More Settings" to "Off".


+------------------------------------------------------------------------------------------------------+
; Parameter Settings for User Entity Instance: SIMON_control:control|SIMON_round:r|SIMON_function:func ;
+----------------+-------+-----------------------------------------------------------------------------+
; Parameter Name ; Value ; Type                                                                        ;
+----------------+-------+-----------------------------------------------------------------------------+
; N              ; 64    ; Signed Integer                                                              ;
+----------------+-------+-----------------------------------------------------------------------------+
Note: In order to hide this table in the UI and the text report file, please set the "Show Parameter Settings in Synthesis Report" option in "Analysis and Synthesis Settings -> More Settings" to "Off".


+----------------------------------------------------------------------------------------+
; Parameter Settings for Inferred Entity Instance: SIMON_keyexpansion:ke|lpm_divide:Mod0 ;
+------------------------+----------------+----------------------------------------------+
; Parameter Name         ; Value          ; Type                                         ;
+------------------------+----------------+----------------------------------------------+
; LPM_WIDTHN             ; 7              ; Untyped                                      ;
; LPM_WIDTHD             ; 6              ; Untyped                                      ;
; LPM_NREPRESENTATION    ; UNSIGNED       ; Untyped                                      ;
; LPM_DREPRESENTATION    ; UNSIGNED       ; Untyped                                      ;
; LPM_PIPELINE           ; 0              ; Untyped                                      ;
; LPM_REMAINDERPOSITIVE  ; TRUE           ; Untyped                                      ;
; MAXIMIZE_SPEED         ; 5              ; Untyped                                      ;
; CBXI_PARAMETER         ; lpm_divide_92m ; Untyped                                      ;
; CARRY_CHAIN            ; MANUAL         ; Untyped                                      ;
; OPTIMIZE_FOR_SPEED     ; 5              ; Untyped                                      ;
; AUTO_CARRY_CHAINS      ; ON             ; AUTO_CARRY                                   ;
; IGNORE_CARRY_BUFFERS   ; OFF            ; IGNORE_CARRY                                 ;
; AUTO_CASCADE_CHAINS    ; ON             ; AUTO_CASCADE                                 ;
; IGNORE_CASCADE_BUFFERS ; OFF            ; IGNORE_CASCADE                               ;
+------------------------+----------------+----------------------------------------------+
Note: In order to hide this table in the UI and the text report file, please set the "Show Parameter Settings in Synthesis Report" option in "Analysis and Synthesis Settings -> More Settings" to "Off".


+---------------------------------------------------+
; Port Connectivity Checks: "SIMON_keyexpansion:ke" ;
+-----------+-------+----------+--------------------+
; Port      ; Type  ; Severity ; Details            ;
+-----------+-------+----------+--------------------+
; z[61..58] ; Input ; Info     ; Stuck at VCC       ;
; z[51..50] ; Input ; Info     ; Stuck at VCC       ;
; z[47..45] ; Input ; Info     ; Stuck at VCC       ;
; z[26..23] ; Input ; Info     ; Stuck at VCC       ;
; z[18..17] ; Input ; Info     ; Stuck at VCC       ;
; z[13..12] ; Input ; Info     ; Stuck at VCC       ;
; z[8..6]   ; Input ; Info     ; Stuck at VCC       ;
; z[4..3]   ; Input ; Info     ; Stuck at VCC       ;
; z[1..0]   ; Input ; Info     ; Stuck at VCC       ;
; z[57..54] ; Input ; Info     ; Stuck at GND       ;
; z[49..48] ; Input ; Info     ; Stuck at GND       ;
; z[44..43] ; Input ; Info     ; Stuck at GND       ;
; z[39..37] ; Input ; Info     ; Stuck at GND       ;
; z[35..34] ; Input ; Info     ; Stuck at GND       ;
; z[32..27] ; Input ; Info     ; Stuck at GND       ;
; z[20..19] ; Input ; Info     ; Stuck at GND       ;
; z[16..14] ; Input ; Info     ; Stuck at GND       ;
; z[53]     ; Input ; Info     ; Stuck at VCC       ;
; z[52]     ; Input ; Info     ; Stuck at GND       ;
; z[42]     ; Input ; Info     ; Stuck at VCC       ;
; z[41]     ; Input ; Info     ; Stuck at GND       ;
; z[40]     ; Input ; Info     ; Stuck at VCC       ;
; z[36]     ; Input ; Info     ; Stuck at VCC       ;
; z[33]     ; Input ; Info     ; Stuck at VCC       ;
; z[22]     ; Input ; Info     ; Stuck at GND       ;
; z[21]     ; Input ; Info     ; Stuck at VCC       ;
; z[11]     ; Input ; Info     ; Stuck at GND       ;
; z[10]     ; Input ; Info     ; Stuck at VCC       ;
; z[9]      ; Input ; Info     ; Stuck at GND       ;
; z[5]      ; Input ; Info     ; Stuck at GND       ;
; z[2]      ; Input ; Info     ; Stuck at GND       ;
+-----------+-------+----------+--------------------+


+-----------------------------------------------------+
; Post-Synthesis Netlist Statistics for Top Partition ;
+-----------------------+-----------------------------+
; Type                  ; Count                       ;
+-----------------------+-----------------------------+
; arriav_ff             ; 4880                        ;
;     CLR               ; 2                           ;
;     ENA               ; 4                           ;
;     ENA CLR           ; 4481                        ;
;     ENA CLR SCLR      ; 7                           ;
;     ENA CLR SLD       ; 385                         ;
;     plain             ; 1                           ;
; arriav_lcell_comb     ; 3077                        ;
;     arith             ; 16                          ;
;         0 data inputs ; 2                           ;
;         1 data inputs ; 8                           ;
;         2 data inputs ; 3                           ;
;         3 data inputs ; 3                           ;
;     extend            ; 67                          ;
;         7 data inputs ; 67                          ;
;     normal            ; 2987                        ;
;         2 data inputs ; 31                          ;
;         3 data inputs ; 305                         ;
;         4 data inputs ; 432                         ;
;         5 data inputs ; 709                         ;
;         6 data inputs ; 1510                        ;
;     shared            ; 7                           ;
;         0 data inputs ; 1                           ;
;         1 data inputs ; 6                           ;
; boundary_port         ; 458                         ;
;                       ;                             ;
; Max LUT depth         ; 8.00                        ;
; Average LUT depth     ; 5.59                        ;
+-----------------------+-----------------------------+


+-------------------------------+
; Elapsed Time Per Partition    ;
+----------------+--------------+
; Partition Name ; Elapsed Time ;
+----------------+--------------+
; Top            ; 00:00:14     ;
+----------------+--------------+


+-------------------------------+
; Analysis & Synthesis Messages ;
+-------------------------------+
Info: *******************************************************************
Info: Running Quartus Prime Analysis & Synthesis
    Info: Version 16.1.2 Build 203 01/18/2017 SJ Standard Edition
    Info: Processing started: Wed Feb 28 15:00:26 2018
Info: Command: quartus_map --read_settings_files=on --write_settings_files=off SIMON_128192 -c SIMON_128192
Warning (18236): Number of processors has not been specified which may cause overloading on shared machines.  Set the global assignment NUM_PARALLEL_PROCESSORS in your QSF to an appropriate value for best performance.
Info (20030): Parallel compilation is enabled and will use 4 of the 4 processors detected
Info (12021): Found 1 design units, including 1 entities, in source file /part iii/comp3200/simon_final/source/simon_round.sv
    Info (12023): Found entity 1: SIMON_round File: H:/Part III/COMP3200/SIMON_final/Source/SIMON_round.sv Line: 1
Info (12021): Found 1 design units, including 1 entities, in source file /part iii/comp3200/simon_final/source/simon_keyexpansion.sv
    Info (12023): Found entity 1: SIMON_keyexpansion File: H:/Part III/COMP3200/SIMON_final/Source/SIMON_keyexpansion.sv Line: 1
Info (12021): Found 1 design units, including 1 entities, in source file /part iii/comp3200/simon_final/source/simon_function.sv
    Info (12023): Found entity 1: SIMON_function File: H:/Part III/COMP3200/SIMON_final/Source/SIMON_function.sv Line: 1
Info (12021): Found 1 design units, including 1 entities, in source file /part iii/comp3200/simon_final/source/simon_control.sv
    Info (12023): Found entity 1: SIMON_control File: H:/Part III/COMP3200/SIMON_final/Source/SIMON_control.sv Line: 1
Info (12021): Found 1 design units, including 1 entities, in source file /part iii/comp3200/simon_final/source/simon_128192.sv
    Info (12023): Found entity 1: SIMON_128192 File: H:/Part III/COMP3200/SIMON_final/Source/SIMON_128192.sv Line: 1
Info (12127): Elaborating entity "SIMON_128192" for the top level hierarchy
Info (12128): Elaborating entity "SIMON_keyexpansion" for hierarchy "SIMON_keyexpansion:ke" File: H:/Part III/COMP3200/SIMON_final/Source/SIMON_128192.sv Line: 22
Info (12128): Elaborating entity "SIMON_control" for hierarchy "SIMON_control:control" File: H:/Part III/COMP3200/SIMON_final/Source/SIMON_128192.sv Line: 24
Info (12128): Elaborating entity "SIMON_round" for hierarchy "SIMON_control:control|SIMON_round:r" File: H:/Part III/COMP3200/SIMON_final/Source/SIMON_control.sv Line: 28
Info (12128): Elaborating entity "SIMON_function" for hierarchy "SIMON_control:control|SIMON_round:r|SIMON_function:func" File: H:/Part III/COMP3200/SIMON_final/Source/SIMON_round.sv Line: 10
Info (278001): Inferred 1 megafunctions from design logic
    Info (278004): Inferred divider/modulo megafunction ("lpm_divide") from the following logic: "SIMON_keyexpansion:ke|Mod0" File: H:/Part III/COMP3200/SIMON_final/Source/SIMON_keyexpansion.sv Line: 18
Info (12130): Elaborated megafunction instantiation "SIMON_keyexpansion:ke|lpm_divide:Mod0" File: H:/Part III/COMP3200/SIMON_final/Source/SIMON_keyexpansion.sv Line: 18
Info (12133): Instantiated megafunction "SIMON_keyexpansion:ke|lpm_divide:Mod0" with the following parameter: File: H:/Part III/COMP3200/SIMON_final/Source/SIMON_keyexpansion.sv Line: 18
    Info (12134): Parameter "LPM_WIDTHN" = "7"
    Info (12134): Parameter "LPM_WIDTHD" = "6"
    Info (12134): Parameter "LPM_NREPRESENTATION" = "UNSIGNED"
    Info (12134): Parameter "LPM_DREPRESENTATION" = "UNSIGNED"
Info (12021): Found 1 design units, including 1 entities, in source file db/lpm_divide_92m.tdf
    Info (12023): Found entity 1: lpm_divide_92m File: H:/Part III/COMP3200/SIMON_final/Quartus Synthesis/SIMON_128192/db/lpm_divide_92m.tdf Line: 25
Info (12021): Found 1 design units, including 1 entities, in source file db/sign_div_unsign_ckh.tdf
    Info (12023): Found entity 1: sign_div_unsign_ckh File: H:/Part III/COMP3200/SIMON_final/Quartus Synthesis/SIMON_128192/db/sign_div_unsign_ckh.tdf Line: 25
Info (12021): Found 1 design units, including 1 entities, in source file db/alt_u_div_use.tdf
    Info (12023): Found entity 1: alt_u_div_use File: H:/Part III/COMP3200/SIMON_final/Quartus Synthesis/SIMON_128192/db/alt_u_div_use.tdf Line: 23
Info (286030): Timing-Driven Synthesis is running
Info (16010): Generating hard_block partition "hard_block:auto_generated_inst"
    Info (16011): Adding 0 node(s), including 0 DDIO, 0 PLL, 0 transceiver and 0 LCELL
Info (21057): Implemented 8272 device resources after synthesis - the final resource count might be different
    Info (21058): Implemented 326 input pins
    Info (21059): Implemented 132 output pins
    Info (21061): Implemented 7814 logic cells
Info: Quartus Prime Analysis & Synthesis was successful. 0 errors, 1 warning
    Info: Peak virtual memory: 785 megabytes
    Info: Processing ended: Wed Feb 28 15:00:55 2018
    Info: Elapsed time: 00:00:29
    Info: Total CPU time (on all processors): 00:00:32


